Arguments: 
  /usr/local/bin/node /usr/local/Cellar/yarn/1.19.1/libexec/bin/yarn.js install

PATH: 
  /usr/local/bin:/usr/bin:/bin:/usr/sbin:/sbin:/opt/X11/bin:/Applications/Wireshark.app/Contents/MacOS:/Users/zhixiangyuan/bin:/Users/zhixiangyuan/workspace/script:/Users/zhixiangyuan/workspace/company_project/smyl/script:/Users/zhixiangyuan/workspace/company_project/smyl/arc/arcanist/bin:/Users/zhixiangyuan/workspace/tool/apache-maven-3.6.2/bin:/Users/zhixiangyuan/workspace/blog/leetcode/script

Yarn version: 
  1.19.1

Node version: 
  14.15.3

Platform: 
  darwin x64

Trace: 
  SyntaxError: /Users/zhixiangyuan/.halo/templates/themes/halo-theme-template/package.json: Unexpected token } in JSON at position 319
      at JSON.parse (<anonymous>)
      at /usr/local/Cellar/yarn/1.19.1/libexec/lib/cli.js:1625:59
      at Generator.next (<anonymous>)
      at step (/usr/local/Cellar/yarn/1.19.1/libexec/lib/cli.js:304:30)
      at /usr/local/Cellar/yarn/1.19.1/libexec/lib/cli.js:315:13

npm manifest: 
  {
    "name": "halo-theme-virus",
    "version": "1.0.0",
    "main": "index.js",
    "repository": "git@github.com:zhixiangyuan/halo-theme-virus.git",
    "author": "xiangbei.yzx <xiangbei.yzx@alibaba-inc.com>",
    "private": true,
    "license": "MIT",
    "scripts": {
      "build": "webpack --config ./build/webpack.config.js ",
    },
    "devDependencies": {
      "@babel/core": "^7.12.10",
      "babel-loader": "^8.2.2",
      "css-loader": "^5.0.1",
      "file-loader": "^6.2.0",
      "style-loader": "^2.0.0",
      "url-loader": "^4.1.1",
      "vue-loader": "^15.9.6",
      "vue-template-compiler": "^2.6.12",
      "webpack": "^5.11.1",
      "webpack-cli": "^4.3.1"
    },
    "dependencies": {
      "vue": "^2.6.12"
    }
  }

yarn manifest: 
  No manifest

Lockfile: 
  No lockfile
